<?xml version="1.0" encoding="UTF-8"?>
<!-- Generated by org.testng.reporters.JUnitReportReporter -->
<testsuite hostname="LAPTOP-GKELI512" failures="0" tests="2" name="testng.Draganddropdemo" time="1.427" errors="0" timestamp="2024-09-18T07:44:57 IST" skipped="0">
  <testcase classname="testng.Draganddropdemo" name="but" time="0.056"/>
  <system-out/>
  <testcase classname="testng.Draganddropdemo" name="dragndrop" time="1.371"/>
  <system-out/>
</testsuite> <!-- testng.Draganddropdemo -->
