<?xml version="1.0" encoding="UTF-8"?>
<!-- Generated by org.testng.reporters.JUnitReportReporter -->
<testsuite hostname="LAPTOP-GKELI512" failures="0" tests="1" name="testngwork.fFileuploadroo" time="3.352" errors="0" timestamp="2024-09-30T19:42:10 IST" skipped="0">
  <testcase classname="testngwork.fFileuploadroo" name="test" time="3.352"/>
  <system-out/>
</testsuite> <!-- testngwork.fFileuploadroo -->
