<?xml version="1.0" encoding="UTF-8"?>
<!-- Generated by org.testng.reporters.JUnitReportReporter -->
<testsuite hostname="LAPTOP-GKELI512" failures="0" tests="1" name="testng.Buttontextrediff" time="0.056" errors="0" timestamp="2024-09-30T19:46:05 IST" skipped="0">
  <testcase classname="testng.Buttontextrediff" name="test" time="0.056"/>
  <system-out/>
</testsuite> <!-- testng.Buttontextrediff -->
