<?xml version="1.0" encoding="UTF-8"?>
<!-- Generated by org.testng.reporters.JUnitReportReporter -->
<testsuite hostname="LAPTOP-GKELI512" failures="0" tests="1" name="testng.Copypaste" time="0.800" errors="0" timestamp="2024-09-09T12:17:36 IST" skipped="0">
  <testcase classname="testng.Copypaste" name="test" time="0.800"/>
  <system-out/>
</testsuite> <!-- testng.Copypaste -->
