<?xml version="1.0" encoding="UTF-8"?>
<!-- Generated by org.testng.reporters.JUnitReportReporter -->
<testsuite hostname="LAPTOP-GKELI512" failures="0" tests="1" name="testpkg.Fbtest2" time="0.670" errors="0" timestamp="2024-09-25T12:05:30 IST" skipped="0">
  <testcase classname="testpkg.Fbtest2" name="test" time="0.670"/>
  <system-out/>
</testsuite> <!-- testpkg.Fbtest2 -->
