<?xml version="1.0" encoding="UTF-8"?>
<!-- Generated by org.testng.reporters.JUnitReportReporter -->
<testsuite hostname="LAPTOP-GKELI512" failures="0" tests="1" name="testngwork.Fileuploadedit" time="0.283" errors="0" timestamp="2024-09-19T07:15:16 IST" skipped="0">
  <testcase classname="testngwork.Fileuploadedit" name="file" time="0.283"/>
  <system-out/>
</testsuite> <!-- testngwork.Fileuploadedit -->
