<?xml version="1.0" encoding="UTF-8"?>
<!-- Generated by org.testng.reporters.JUnitReportReporter -->
<testsuite hostname="LAPTOP-GKELI512" failures="0" tests="1" name="testpkg.Createfb" time="1.749" errors="0" timestamp="2024-09-25T12:47:55 IST" skipped="0">
  <testcase classname="testpkg.Createfb" name="test" time="1.749"/>
  <system-out/>
</testsuite> <!-- testpkg.Createfb -->
