<?xml version="1.0" encoding="UTF-8"?>
<!-- Generated by org.testng.reporters.JUnitReportReporter -->
<testsuite hostname="LAPTOP-GKELI512" failures="0" tests="1" name="testng.Hardassertion" time="4.397" errors="0" timestamp="2024-09-20T12:34:17 IST" skipped="0">
  <testcase classname="testng.Hardassertion" name="tes" time="4.397"/>
  <system-out/>
</testsuite> <!-- testng.Hardassertion -->
