<?xml version="1.0" encoding="UTF-8"?>
<!-- Generated by org.testng.reporters.JUnitReportReporter -->
<testsuite hostname="LAPTOP-GKELI512" failures="0" tests="1" name="testng.Datadrivendemo" time="58.027" errors="0" timestamp="2024-09-18T10:35:31 IST" skipped="0">
  <testcase classname="testng.Datadrivendemo" name="datadriven" time="58.027"/>
  <system-out/>
</testsuite> <!-- testng.Datadrivendemo -->
