<?xml version="1.0" encoding="UTF-8"?>
<!-- Generated by org.testng.reporters.JUnitReportReporter -->
<testsuite hostname="LAPTOP-GKELI512" failures="0" tests="1" name="testng.Facebookpara" time="0.494" errors="0" timestamp="2024-09-06T12:21:16 IST" skipped="0">
  <testcase classname="testng.Facebookpara" name="test" time="0.494"/>
  <system-out/>
</testsuite> <!-- testng.Facebookpara -->
