<?xml version="1.0" encoding="UTF-8"?>
<!-- Generated by org.testng.reporters.JUnitReportReporter -->
<testsuite hostname="LAPTOP-GKELI512" failures="0" tests="1" name="testng.Fileuploadrobot" time="3.463" errors="0" timestamp="2024-09-19T11:58:05 IST" skipped="0">
  <testcase classname="testng.Fileuploadrobot" name="upload" time="3.463"/>
  <system-out/>
</testsuite> <!-- testng.Fileuploadrobot -->
