<?xml version="1.0" encoding="UTF-8"?>
<!-- Generated by org.testng.reporters.JUnitReportReporter -->
<testsuite hostname="LAPTOP-GKELI512" failures="0" tests="5" name="testngwork.Demo" time="0.030" errors="0" timestamp="2024-09-17T22:05:15 IST" skipped="0">
  <testcase classname="testngwork.Demo" name="test3" time="0.002"/>
  <system-out/>
  <testcase classname="testngwork.Demo" name="test4" time="0.003"/>
  <system-out/>
  <testcase classname="testngwork.Demo" name="test2" time="0.005"/>
  <system-out/>
  <testcase classname="testngwork.Demo" name="test1" time="0.016"/>
  <system-out/>
  <testcase classname="testngwork.Demo" name="test5" time="0.004"/>
  <system-out/>
</testsuite> <!-- testngwork.Demo -->
