<?xml version="1.0" encoding="UTF-8"?>
<!-- Generated by org.testng.reporters.JUnitReportReporter -->
<testsuite hostname="LAPTOP-GKELI512" failures="0" tests="3" name="testng.Crossbowser" time="5.855" errors="0" timestamp="2024-09-18T06:39:25 IST" skipped="0">
  <testcase classname="testng.Crossbowser" name="test" time="1.393"/>
  <system-out/>
  <testcase classname="testng.Crossbowser" name="test" time="1.202"/>
  <system-out/>
  <testcase classname="testng.Crossbowser" name="test" time="3.260"/>
  <system-out/>
</testsuite> <!-- testng.Crossbowser -->
