<?xml version="1.0" encoding="UTF-8"?>
<!-- Generated by org.testng.reporters.JUnitReportReporter -->
<testsuite hostname="LAPTOP-GKELI512" failures="0" tests="5" name="testng.demotestng" time="0.036" errors="0" timestamp="2024-09-05T12:42:59 IST" skipped="0">
  <testcase classname="testng.demotestng" name="test4" time="0.024"/>
  <system-out/>
  <testcase classname="testng.demotestng" name="test1" time="0.004"/>
  <system-out/>
  <testcase classname="testng.demotestng" name="test2" time="0.002"/>
  <system-out/>
  <testcase classname="testng.demotestng" name="test2" time="0.002"/>
  <system-out/>
  <testcase classname="testng.demotestng" name="test2" time="0.004"/>
  <system-out/>
</testsuite> <!-- testng.demotestng -->
