<?xml version="1.0" encoding="UTF-8"?>
<!-- Generated by org.testng.reporters.JUnitReportReporter -->
<testsuite hostname="LAPTOP-GKELI512" failures="0" tests="1" name="testng.Datepicker" time="6.112" errors="0" timestamp="2024-09-20T11:51:49 IST" skipped="0">
  <testcase classname="testng.Datepicker" name="datepic" time="6.112"/>
  <system-out/>
</testsuite> <!-- testng.Datepicker -->
