<?xml version="1.0" encoding="UTF-8"?>
<!-- Generated by org.testng.reporters.JUnitReportReporter -->
<testsuite hostname="LAPTOP-GKELI512" failures="0" tests="1" name="testpkg.Fbtestpage" time="0.307" errors="0" timestamp="2024-09-25T11:49:47 IST" skipped="0">
  <testcase classname="testpkg.Fbtestpage" name="test1" time="0.307"/>
  <system-out/>
</testsuite> <!-- testpkg.Fbtestpage -->
