<?xml version="1.0" encoding="UTF-8"?>
<!-- Generated by org.testng.reporters.JUnitReportReporter -->
<testsuite hostname="LAPTOP-GKELI512" failures="0" tests="1" name="testng.Dropdown" time="4.077" errors="0" timestamp="2024-09-30T19:47:02 IST" skipped="0">
  <testcase classname="testng.Dropdown" name="drop" time="4.077"/>
  <system-out/>
</testsuite> <!-- testng.Dropdown -->
