<?xml version="1.0" encoding="UTF-8"?>
<!-- Generated by org.testng.reporters.JUnitReportReporter -->
<testsuite hostname="LAPTOP-GKELI512" failures="0" tests="1" name="testng.Fileuploadautoit" time="10.725" errors="0" timestamp="2024-09-19T12:20:54 IST" skipped="0">
  <testcase classname="testng.Fileuploadautoit" name="file" time="10.725"/>
  <system-out/>
</testsuite> <!-- testng.Fileuploadautoit -->
