<?xml version="1.0" encoding="UTF-8"?>
<!-- Generated by org.testng.reporters.JUnitReportReporter -->
<testsuite hostname="LAPTOP-GKELI512" failures="0" tests="1" name="testng.Fblogin" time="1.451" errors="0" timestamp="2024-09-18T09:04:02 IST" skipped="0">
  <testcase classname="testng.Fblogin" name="login" time="1.451"/>
  <system-out/>
</testsuite> <!-- testng.Fblogin -->
