<?xml version="1.0" encoding="UTF-8"?>
<!-- Generated by org.testng.reporters.JUnitReportReporter -->
<testsuite hostname="LAPTOP-GKELI512" failures="0" tests="1" name="testngwork.Displaydropoptions" time="3.576" errors="0" timestamp="2024-09-30T20:03:05 IST" skipped="0">
  <testcase classname="testngwork.Displaydropoptions" name="test" time="3.576"/>
  <system-out/>
</testsuite> <!-- testngwork.Displaydropoptions -->
