<?xml version="1.0" encoding="UTF-8"?>
<!-- Generated by org.testng.reporters.JUnitReportReporter -->
<testsuite hostname="LAPTOP-GKELI512" failures="0" tests="1" name="testng.Parameters1" time="0.014" errors="0" timestamp="2024-09-06T11:43:52 IST" skipped="0">
  <testcase classname="testng.Parameters1" name="test" time="0.014"/>
  <system-out/>
</testsuite> <!-- testng.Parameters1 -->
