<?xml version="1.0" encoding="UTF-8"?>
<!-- Generated by org.testng.reporters.JUnitReportReporter -->
<testsuite hostname="LAPTOP-GKELI512" failures="0" tests="1" name="testngwork.responsecode" time="1.764" errors="0" timestamp="2024-09-17T10:25:50 IST" skipped="0">
  <testcase classname="testngwork.responsecode" name="test" time="1.764"/>
  <system-out/>
</testsuite> <!-- testngwork.responsecode -->
