<?xml version="1.0" encoding="UTF-8"?>
<!-- Generated by org.testng.reporters.JUnitReportReporter -->
<testsuite hostname="LAPTOP-GKELI512" failures="0" tests="3" name="testng.Task2" time="1.663" errors="0" timestamp="2024-09-19T12:46:17 IST" skipped="0">
  <testcase classname="testng.Task2" name="screenshot" time="1.337"/>
  <system-out/>
  <testcase classname="testng.Task2" name="test2count" time="0.279"/>
  <system-out/>
  <testcase classname="testng.Task2" name="test1" time="0.047"/>
  <system-out/>
</testsuite> <!-- testng.Task2 -->
