<?xml version="1.0" encoding="UTF-8"?>
<!-- Generated by org.testng.reporters.JUnitReportReporter -->
<testsuite hostname="LAPTOP-GKELI512" failures="0" tests="1" name="testng.Fileuploadedittext" time="0.386" errors="0" timestamp="2024-09-18T11:37:25 IST" skipped="0">
  <testcase classname="testng.Fileuploadedittext" name="upload" time="0.386"/>
  <system-out/>
</testsuite> <!-- testng.Fileuploadedittext -->
