<?xml version="1.0" encoding="UTF-8"?>
<!-- Generated by org.testng.reporters.JUnitReportReporter -->
<testsuite hostname="LAPTOP-GKELI512" failures="0" tests="1" name="testngwork.Fileuploadauto" time="11.153" errors="0" timestamp="2024-10-01T20:10:28 IST" skipped="0">
  <testcase classname="testngwork.Fileuploadauto" name="testfile" time="11.153"/>
  <system-out/>
</testsuite> <!-- testngwork.Fileuploadauto -->
